<?xml version="1.0" encoding="UTF-8"?>
<!-- Generated by org.testng.reporters.JUnitReportReporter -->
<testsuite hostname="SIXNS255" failures="0" tests="1" name="com.herokuapp.theinternet.alertstests.DataDrivenTestingUsingCSVInSelenium" time="152.923" errors="0" timestamp="28 Oct 2021 22:47:24 GMT" skipped="0">
  <testcase classname="com.herokuapp.theinternet.alertstests.DataDrivenTestingUsingCSVInSelenium" name="dataRead_CSV" time="152.923"/>
</testsuite> <!-- com.herokuapp.theinternet.alertstests.DataDrivenTestingUsingCSVInSelenium -->
