<?xml version="1.0" encoding="UTF-8"?>
<!-- Generated by org.testng.reporters.JUnitReportReporter -->
<testsuite hostname="SIXNS255" failures="0" tests="1" name="com.herokuapp.theinternet.alertstests.GileExcelExcel" time="0.009" errors="0" timestamp="28 Oct 2021 10:58:39 GMT" skipped="0">
  <testcase classname="com.herokuapp.theinternet.alertstests.GileExcelExcel" name="maks" time="0.009"/>
</testsuite> <!-- com.herokuapp.theinternet.alertstests.GileExcelExcel -->
