<?xml version="1.0" encoding="UTF-8"?>
<!-- Generated by org.testng.reporters.JUnitReportReporter -->
<testsuite hostname="SIXNS255" failures="0" tests="1" name="com.herokuapp.theinternet.alertstests.GILE" time="13.294" errors="0" timestamp="27 Oct 2021 09:20:19 GMT" skipped="0">
  <testcase classname="com.herokuapp.theinternet.alertstests.GILE" name="PostaviOglas" time="13.294"/>
</testsuite> <!-- com.herokuapp.theinternet.alertstests.GILE -->
